[00:00:03] [Server thread/WARN] [net.minecraft.entity.EntityTrackerEntry]: Fetching addPacket for removed entity
[00:00:16] [Server thread/WARN] [net.minecraft.entity.EntityTrackerEntry]: Fetching addPacket for removed entity
[00:00:20] [Server thread/WARN] [net.minecraft.entity.EntityList]: Skipping Entity with id abyssalcraft:antiskeleton
[00:00:20] [Server thread/ERROR] [reccomplex]: Error loading entity with ID 'abyssalcraft:antiskeleton'
[00:00:20] [Server thread/WARN] [net.minecraft.entity.EntityList]: Skipping Entity with id abyssalcraft:antiskeleton
[00:00:20] [Server thread/ERROR] [reccomplex]: Error loading entity with ID 'abyssalcraft:antiskeleton'
[00:00:20] [Server thread/WARN] [net.minecraft.entity.EntityList]: Skipping Entity with id abyssalcraft:antiskeleton
[00:00:20] [Server thread/ERROR] [reccomplex]: Error loading entity with ID 'abyssalcraft:antiskeleton'
[00:00:20] [Server thread/WARN] [net.minecraft.entity.EntityList]: Skipping Entity with id abyssalcraft:antiskeleton
[00:00:20] [Server thread/ERROR] [reccomplex]: Error loading entity with ID 'abyssalcraft:antiskeleton'
[00:00:20] [Server thread/WARN] [net.minecraft.server.MinecraftServer]: Can't keep up! Did the system time change, or is the server overloaded? Running 2354ms behind, skipping 47 tick(s)
[00:00:26] [Server thread/WARN] [net.minecraft.network.NetHandlerPlayServer]: TitoWilly's Roc  Lvl 3 (vehicle of TitoWilly) moved too quickly! 10.695230819515473,0.0,1.3445981450995532
[00:00:26] [Server thread/WARN] [net.minecraft.network.NetHandlerPlayServer]: TitoWilly's Roc  Lvl 3 (vehicle of TitoWilly) moved too quickly! 11.519441971034666,0.0,1.4424296474371658
[00:00:26] [Server thread/WARN] [net.minecraft.network.NetHandlerPlayServer]: TitoWilly's Roc  Lvl 3 (vehicle of TitoWilly) moved too quickly! 12.344045232705412,0.0,1.5369941055787422
[00:00:26] [Server thread/WARN] [net.minecraft.network.NetHandlerPlayServer]: TitoWilly's Roc  Lvl 3 (vehicle of TitoWilly) moved too quickly! 13.167163593757778,0.0,1.5998365523055327
[00:00:26] [Server thread/WARN] [net.minecraft.network.NetHandlerPlayServer]: TitoWilly's Roc  Lvl 3 (vehicle of TitoWilly) moved too quickly! 13.981318641229336,0.0,1.6124735037728897
[00:00:26] [Server thread/WARN] [net.minecraft.network.NetHandlerPlayServer]: TitoWilly's Roc  Lvl 3 (vehicle of TitoWilly) moved too quickly! 14.785393803000716,0.0,1.5766124119445522
[00:00:26] [Server thread/WARN] [net.minecraft.network.NetHandlerPlayServer]: TitoWilly's Roc  Lvl 3 (vehicle of TitoWilly) moved too quickly! 15.58057850582054,0.0,1.497976047062366
[00:00:26] [Server thread/WARN] [net.minecraft.network.NetHandlerPlayServer]: TitoWilly's Roc  Lvl 3 (vehicle of TitoWilly) moved too quickly! 16.3679218240527,0.0,1.381611892346882
[00:00:27] [Server thread/WARN] [net.minecraft.entity.EntityTrackerEntry]: Fetching addPacket for removed entity
[00:00:28] [Server thread/WARN] [net.minecraft.entity.EntityTrackerEntry]: Fetching addPacket for removed entity
[00:00:41] [Server thread/WARN] [net.minecraft.entity.EntityTrackerEntry]: Fetching addPacket for removed entity
[00:00:42] [Server thread/WARN] [net.minecraft.entity.EntityTrackerEntry]: Fetching addPacket for removed entity
[00:00:50] [Server thread/WARN] [net.minecraft.server.MinecraftServer]: Can't keep up! Did the system time change, or is the server overloaded? Running 11157ms behind, skipping 223 tick(s)
[00:00:54] [Server thread/WARN] [net.minecraft.entity.EntityTrackerEntry]: Fetching addPacket for removed entity
[00:00:54] [Server thread/WARN] [net.minecraft.entity.EntityTrackerEntry]: Fetching addPacket for removed entity
[00:00:54] [Server thread/WARN] [net.minecraft.entity.EntityTrackerEntry]: Fetching addPacket for removed entity
[00:00:54] [Server thread/WARN] [net.minecraft.entity.EntityTrackerEntry]: Fetching addPacket for removed entity
[00:00:54] [Server thread/WARN] [net.minecraft.entity.EntityTrackerEntry]: Fetching addPacket for removed entity
[00:00:56] [Server thread/WARN] [net.minecraft.entity.EntityTrackerEntry]: Fetching addPacket for removed entity
[00:00:56] [Server thread/WARN] [net.minecraft.entity.EntityTrackerEntry]: Fetching addPacket for removed entity
[00:00:58] [Server thread/WARN] [net.minecraft.entity.EntityTrackerEntry]: Fetching addPacket for removed entity
[00:00:58] [Server thread/WARN] [net.minecraft.entity.EntityTrackerEntry]: Fetching addPacket for removed entity
[00:00:59] [Server thread/WARN] [net.minecraft.entity.EntityTrackerEntry]: Fetching addPacket for removed entity
[00:01:00] [Server thread/WARN] [net.minecraft.entity.EntityTrackerEntry]: Fetching addPacket for removed entity
[00:01:00] [Server thread/WARN] [net.minecraft.entity.EntityTrackerEntry]: Fetching addPacket for removed entity
[00:01:00] [Server thread/WARN] [net.minecraft.entity.EntityTrackerEntry]: Fetching addPacket for removed entity
[00:01:03] [Server thread/WARN] [net.minecraft.entity.EntityTrackerEntry]: Fetching addPacket for removed entity
[00:01:04] [Server thread/WARN] [net.minecraft.entity.EntityTrackerEntry]: Fetching addPacket for removed entity
[00:01:04] [Server thread/WARN] [net.minecraft.entity.EntityTrackerEntry]: Fetching addPacket for removed entity
[00:01:05] [Server thread/WARN] [net.minecraft.entity.EntityTrackerEntry]: Fetching addPacket for removed entity
[00:01:07] [Server thread/WARN] [net.minecraft.entity.EntityTrackerEntry]: Fetching addPacket for removed entity
[00:01:09] [Server thread/WARN] [net.minecraft.entity.EntityTrackerEntry]: Fetching addPacket for removed entity
[00:01:10] [Server thread/WARN] [net.minecraft.entity.EntityTrackerEntry]: Fetching addPacket for removed entity
[00:01:10] [Server thread/WARN] [net.minecraft.entity.EntityTrackerEntry]: Fetching addPacket for removed entity
[00:01:11] [Server thread/WARN] [net.minecraft.entity.EntityTrackerEntry]: Fetching addPacket for removed entity
[00:01:12] [Server thread/WARN] [net.minecraft.entity.EntityTrackerEntry]: Fetching addPacket for removed entity
[00:01:12] [Server thread/WARN] [net.minecraft.entity.EntityTrackerEntry]: Fetching addPacket for removed entity
[00:01:12] [Server thread/WARN] [net.minecraft.entity.EntityTrackerEntry]: Fetching addPacket for removed entity
[00:01:13] [Server thread/WARN] [net.minecraft.entity.EntityTrackerEntry]: Fetching addPacket for removed entity
[00:01:13] [Server thread/WARN] [net.minecraft.entity.EntityTrackerEntry]: Fetching addPacket for removed entity
[00:01:14] [Server thread/INFO] [net.minecraft.server.dedicated.DedicatedServer]: Wutfru has made the advancement [Ice Bucket Challenge]
[00:01:15] [Server thread/WARN] [net.minecraft.entity.EntityTrackerEntry]: Fetching addPacket for removed entity
[00:01:16] [Server thread/WARN] [net.minecraft.entity.EntityTrackerEntry]: Fetching addPacket for removed entity
[00:01:17] [Server thread/WARN] [net.minecraft.entity.EntityTrackerEntry]: Fetching addPacket for removed entity
[00:01:19] [Server thread/WARN] [net.minecraft.entity.EntityTrackerEntry]: Fetching addPacket for removed entity
[00:01:20] [Server thread/WARN] [net.minecraft.entity.EntityTrackerEntry]: Fetching addPacket for removed entity
[00:01:21] [Server thread/WARN] [net.minecraft.entity.EntityTrackerEntry]: Fetching addPacket for removed entity
[00:01:21] [Server thread/WARN] [net.minecraft.entity.EntityTrackerEntry]: Fetching addPacket for removed entity
[00:01:24] [Server thread/WARN] [net.minecraft.entity.EntityTrackerEntry]: Fetching addPacket for removed entity
[00:01:25] [Server thread/WARN] [net.minecraft.entity.EntityTrackerEntry]: Fetching addPacket for removed entity
[00:01:25] [Server thread/WARN] [net.minecraft.entity.EntityTrackerEntry]: Fetching addPacket for removed entity
[00:01:25] [Server thread/WARN] [net.minecraft.entity.EntityTrackerEntry]: Fetching addPacket for removed entity
[00:01:25] [Server thread/WARN] [net.minecraft.entity.EntityTrackerEntry]: Fetching addPacket for removed entity
[00:01:26] [Server thread/WARN] [net.minecraft.entity.EntityTrackerEntry]: Fetching addPacket for removed entity
